{
  "/Users/willmayer/WebstormProjects/csc-308-teamproj/packages/express-backend/mongoose-services.js": {
    "path": "/Users/willmayer/WebstormProjects/csc-308-teamproj/packages/express-backend/mongoose-services.js",
    "statementMap": {
      "0": {
        "start": { "line": 3, "column": 0 },
        "end": { "line": 3, "column": 28 }
      },
      "1": {
        "start": { "line": 5, "column": 22 },
        "end": { "line": 8, "column": 2 }
      },
      "2": {
        "start": { "line": 10, "column": 19 },
        "end": { "line": 16, "column": 2 }
      },
      "3": {
        "start": { "line": 18, "column": 20 },
        "end": { "line": 23, "column": 2 }
      },
      "4": {
        "start": { "line": 25, "column": 19 },
        "end": { "line": 32, "column": 2 }
      },
      "5": {
        "start": { "line": 34, "column": 23 },
        "end": { "line": 37, "column": 2 }
      },
      "6": {
        "start": { "line": 40, "column": 17 },
        "end": { "line": 40, "column": 53 }
      },
      "7": {
        "start": { "line": 41, "column": 18 },
        "end": { "line": 41, "column": 56 }
      },
      "8": {
        "start": { "line": 42, "column": 17 },
        "end": { "line": 42, "column": 53 }
      },
      "9": {
        "start": { "line": 43, "column": 21 },
        "end": { "line": 43, "column": 65 }
      },
      "10": {
        "start": { "line": 44, "column": 20 },
        "end": { "line": 44, "column": 62 }
      },
      "11": {
        "start": { "line": 46, "column": 4 },
        "end": { "line": 232, "column": 6 }
      },
      "12": {
        "start": { "line": 52, "column": 38 },
        "end": { "line": 52, "column": 67 }
      },
      "13": {
        "start": { "line": 54, "column": 30 },
        "end": { "line": 54, "column": 47 }
      },
      "14": {
        "start": { "line": 56, "column": 31 },
        "end": { "line": 56, "column": 49 }
      },
      "15": {
        "start": { "line": 59, "column": 25 },
        "end": { "line": 59, "column": 52 }
      },
      "16": {
        "start": { "line": 60, "column": 12 },
        "end": { "line": 60, "column": 45 }
      },
      "17": {
        "start": { "line": 61, "column": 12 },
        "end": { "line": 61, "column": 30 }
      },
      "18": {
        "start": { "line": 62, "column": 12 },
        "end": { "line": 62, "column": 34 }
      },
      "19": {
        "start": { "line": 66, "column": 12 },
        "end": { "line": 67, "column": 50 }
      },
      "20": {
        "start": { "line": 67, "column": 34 },
        "end": { "line": 67, "column": 48 }
      },
      "21": {
        "start": { "line": 71, "column": 12 },
        "end": { "line": 74, "column": 18 }
      },
      "22": {
        "start": { "line": 73, "column": 20 },
        "end": { "line": 73, "column": 81 }
      },
      "23": {
        "start": { "line": 73, "column": 49 },
        "end": { "line": 73, "column": 80 }
      },
      "24": {
        "start": { "line": 78, "column": 29 },
        "end": { "line": 78, "column": 79 }
      },
      "25": {
        "start": { "line": 79, "column": 32 },
        "end": { "line": 79, "column": 62 }
      },
      "26": {
        "start": { "line": 80, "column": 28 },
        "end": { "line": 80, "column": 84 }
      },
      "27": {
        "start": { "line": 81, "column": 12 },
        "end": { "line": 81, "column": 48 }
      },
      "28": {
        "start": { "line": 85, "column": 25 },
        "end": { "line": 85, "column": 52 }
      },
      "29": {
        "start": { "line": 86, "column": 12 },
        "end": { "line": 86, "column": 33 }
      },
      "30": {
        "start": { "line": 91, "column": 28 },
        "end": { "line": 91, "column": 42 }
      },
      "31": {
        "start": { "line": 92, "column": 12 },
        "end": { "line": 92, "column": 33 }
      },
      "32": {
        "start": { "line": 93, "column": 12 },
        "end": { "line": 93, "column": 27 }
      },
      "33": {
        "start": { "line": 97, "column": 29 },
        "end": { "line": 97, "column": 45 }
      },
      "34": {
        "start": { "line": 98, "column": 28 },
        "end": { "line": 98, "column": 40 }
      },
      "35": {
        "start": { "line": 99, "column": 12 },
        "end": { "line": 99, "column": 34 }
      },
      "36": {
        "start": { "line": 100, "column": 25 },
        "end": { "line": 100, "column": 52 }
      },
      "37": {
        "start": { "line": 101, "column": 12 },
        "end": { "line": 101, "column": 41 }
      },
      "38": {
        "start": { "line": 102, "column": 12 },
        "end": { "line": 102, "column": 30 }
      },
      "39": {
        "start": { "line": 103, "column": 12 },
        "end": { "line": 103, "column": 28 }
      },
      "40": {
        "start": { "line": 107, "column": 26 },
        "end": { "line": 107, "column": 55 }
      },
      "41": {
        "start": { "line": 108, "column": 28 },
        "end": { "line": 108, "column": 42 }
      },
      "42": {
        "start": { "line": 109, "column": 12 },
        "end": { "line": 109, "column": 40 }
      },
      "43": {
        "start": { "line": 110, "column": 12 },
        "end": { "line": 110, "column": 31 }
      },
      "44": {
        "start": { "line": 111, "column": 12 },
        "end": { "line": 111, "column": 31 }
      },
      "45": {
        "start": { "line": 112, "column": 12 },
        "end": { "line": 112, "column": 27 }
      },
      "46": {
        "start": { "line": 116, "column": 32 },
        "end": { "line": 116, "column": 54 }
      },
      "47": {
        "start": { "line": 117, "column": 12 },
        "end": { "line": 117, "column": 37 }
      },
      "48": {
        "start": { "line": 118, "column": 12 },
        "end": { "line": 118, "column": 31 }
      },
      "49": {
        "start": { "line": 122, "column": 32 },
        "end": { "line": 122, "column": 62 }
      },
      "50": {
        "start": { "line": 125, "column": 25 },
        "end": { "line": 125, "column": 52 }
      },
      "51": {
        "start": { "line": 126, "column": 12 },
        "end": { "line": 126, "column": 41 }
      },
      "52": {
        "start": { "line": 127, "column": 12 },
        "end": { "line": 127, "column": 30 }
      },
      "53": {
        "start": { "line": 128, "column": 26 },
        "end": { "line": 128, "column": 55 }
      },
      "54": {
        "start": { "line": 129, "column": 12 },
        "end": { "line": 129, "column": 51 }
      },
      "55": {
        "start": { "line": 130, "column": 12 },
        "end": { "line": 130, "column": 25 }
      },
      "56": {
        "start": { "line": 134, "column": 26 },
        "end": { "line": 134, "column": 55 }
      },
      "57": {
        "start": { "line": 135, "column": 25 },
        "end": { "line": 135, "column": 49 }
      },
      "58": {
        "start": { "line": 136, "column": 12 },
        "end": { "line": 136, "column": 29 }
      },
      "59": {
        "start": { "line": 137, "column": 12 },
        "end": { "line": 137, "column": 31 }
      },
      "60": {
        "start": { "line": 138, "column": 12 },
        "end": { "line": 138, "column": 31 }
      },
      "61": {
        "start": { "line": 139, "column": 12 },
        "end": { "line": 139, "column": 24 }
      },
      "62": {
        "start": { "line": 143, "column": 12 },
        "end": { "line": 143, "column": 51 }
      },
      "63": {
        "start": { "line": 148, "column": 34 },
        "end": { "line": 148, "column": 73 }
      },
      "64": {
        "start": { "line": 149, "column": 33 },
        "end": { "line": 151, "column": 13 }
      },
      "65": {
        "start": { "line": 150, "column": 55 },
        "end": { "line": 150, "column": 82 }
      },
      "66": {
        "start": { "line": 152, "column": 12 },
        "end": { "line": 152, "column": 83 }
      },
      "67": {
        "start": { "line": 156, "column": 12 },
        "end": { "line": 156, "column": 75 }
      },
      "68": {
        "start": { "line": 160, "column": 26 },
        "end": { "line": 160, "column": 55 }
      },
      "69": {
        "start": { "line": 161, "column": 25 },
        "end": { "line": 161, "column": 49 }
      },
      "70": {
        "start": { "line": 162, "column": 12 },
        "end": { "line": 162, "column": 42 }
      },
      "71": {
        "start": { "line": 163, "column": 12 },
        "end": { "line": 163, "column": 31 }
      },
      "72": {
        "start": { "line": 164, "column": 12 },
        "end": { "line": 164, "column": 24 }
      },
      "73": {
        "start": { "line": 168, "column": 29 },
        "end": { "line": 168, "column": 58 }
      },
      "74": {
        "start": { "line": 169, "column": 12 },
        "end": { "line": 169, "column": 42 }
      },
      "75": {
        "start": { "line": 170, "column": 12 },
        "end": { "line": 170, "column": 41 }
      },
      "76": {
        "start": { "line": 174, "column": 26 },
        "end": { "line": 174, "column": 55 }
      },
      "77": {
        "start": { "line": 175, "column": 12 },
        "end": { "line": 175, "column": 32 }
      },
      "78": {
        "start": { "line": 176, "column": 12 },
        "end": { "line": 176, "column": 38 }
      },
      "79": {
        "start": { "line": 181, "column": 26 },
        "end": { "line": 181, "column": 55 }
      },
      "80": {
        "start": { "line": 182, "column": 25 },
        "end": { "line": 182, "column": 85 }
      },
      "81": {
        "start": { "line": 182, "column": 53 },
        "end": { "line": 182, "column": 84 }
      },
      "82": {
        "start": { "line": 183, "column": 12 },
        "end": { "line": 183, "column": 31 }
      },
      "83": {
        "start": { "line": 184, "column": 12 },
        "end": { "line": 184, "column": 30 }
      },
      "84": {
        "start": { "line": 185, "column": 12 },
        "end": { "line": 185, "column": 31 }
      },
      "85": {
        "start": { "line": 186, "column": 12 },
        "end": { "line": 186, "column": 24 }
      },
      "86": {
        "start": { "line": 191, "column": 26 },
        "end": { "line": 191, "column": 55 }
      },
      "87": {
        "start": { "line": 192, "column": 25 },
        "end": { "line": 192, "column": 85 }
      },
      "88": {
        "start": { "line": 192, "column": 53 },
        "end": { "line": 192, "column": 84 }
      },
      "89": {
        "start": { "line": 193, "column": 12 },
        "end": { "line": 193, "column": 31 }
      },
      "90": {
        "start": { "line": 194, "column": 12 },
        "end": { "line": 194, "column": 30 }
      },
      "91": {
        "start": { "line": 195, "column": 12 },
        "end": { "line": 195, "column": 31 }
      },
      "92": {
        "start": { "line": 196, "column": 12 },
        "end": { "line": 196, "column": 24 }
      },
      "93": {
        "start": { "line": 201, "column": 31 },
        "end": { "line": 201, "column": 54 }
      },
      "94": {
        "start": { "line": 202, "column": 26 },
        "end": { "line": 202, "column": 55 }
      },
      "95": {
        "start": { "line": 203, "column": 25 },
        "end": { "line": 203, "column": 85 }
      },
      "96": {
        "start": { "line": 203, "column": 53 },
        "end": { "line": 203, "column": 84 }
      },
      "97": {
        "start": { "line": 204, "column": 12 },
        "end": { "line": 204, "column": 43 }
      },
      "98": {
        "start": { "line": 205, "column": 12 },
        "end": { "line": 205, "column": 30 }
      },
      "99": {
        "start": { "line": 206, "column": 12 },
        "end": { "line": 206, "column": 31 }
      },
      "100": {
        "start": { "line": 207, "column": 12 },
        "end": { "line": 207, "column": 24 }
      },
      "101": {
        "start": { "line": 212, "column": 12 },
        "end": { "line": 212, "column": 48 }
      },
      "102": {
        "start": { "line": 218, "column": 25 },
        "end": { "line": 218, "column": 52 }
      },
      "103": {
        "start": { "line": 219, "column": 29 },
        "end": { "line": 219, "column": 69 }
      },
      "104": {
        "start": { "line": 220, "column": 12 },
        "end": { "line": 220, "column": 43 }
      },
      "105": {
        "start": { "line": 221, "column": 12 },
        "end": { "line": 221, "column": 34 }
      },
      "106": {
        "start": { "line": 222, "column": 12 },
        "end": { "line": 222, "column": 28 }
      },
      "107": {
        "start": { "line": 226, "column": 25 },
        "end": { "line": 226, "column": 52 }
      },
      "108": {
        "start": { "line": 227, "column": 29 },
        "end": { "line": 227, "column": 69 }
      },
      "109": {
        "start": { "line": 228, "column": 12 },
        "end": { "line": 228, "column": 49 }
      },
      "110": {
        "start": { "line": 229, "column": 12 },
        "end": { "line": 229, "column": 34 }
      },
      "111": {
        "start": { "line": 230, "column": 12 },
        "end": { "line": 230, "column": 28 }
      }
    },
    "fnMap": {
      "0": {
        "name": "createMongooseServices",
        "decl": {
          "start": { "line": 39, "column": 24 },
          "end": { "line": 39, "column": 46 }
        },
        "loc": {
          "start": { "line": 39, "column": 59 },
          "end": { "line": 235, "column": 1 }
        },
        "line": 39
      },
      "1": {
        "name": "(anonymous_1)",
        "decl": {
          "start": { "line": 52, "column": 24 },
          "end": { "line": 52, "column": 25 }
        },
        "loc": {
          "start": { "line": 52, "column": 38 },
          "end": { "line": 52, "column": 67 }
        },
        "line": 52
      },
      "2": {
        "name": "(anonymous_2)",
        "decl": {
          "start": { "line": 54, "column": 22 },
          "end": { "line": 54, "column": 23 }
        },
        "loc": {
          "start": { "line": 54, "column": 30 },
          "end": { "line": 54, "column": 47 }
        },
        "line": 54
      },
      "3": {
        "name": "(anonymous_3)",
        "decl": {
          "start": { "line": 56, "column": 23 },
          "end": { "line": 56, "column": 24 }
        },
        "loc": {
          "start": { "line": 56, "column": 31 },
          "end": { "line": 56, "column": 49 }
        },
        "line": 56
      },
      "4": {
        "name": "(anonymous_4)",
        "decl": {
          "start": { "line": 58, "column": 27 },
          "end": { "line": 58, "column": 28 }
        },
        "loc": {
          "start": { "line": 58, "column": 45 },
          "end": { "line": 63, "column": 9 }
        },
        "line": 58
      },
      "5": {
        "name": "(anonymous_5)",
        "decl": {
          "start": { "line": 65, "column": 26 },
          "end": { "line": 65, "column": 27 }
        },
        "loc": {
          "start": { "line": 65, "column": 39 },
          "end": { "line": 68, "column": 9 }
        },
        "line": 65
      },
      "6": {
        "name": "(anonymous_6)",
        "decl": {
          "start": { "line": 67, "column": 22 },
          "end": { "line": 67, "column": 23 }
        },
        "loc": {
          "start": { "line": 67, "column": 34 },
          "end": { "line": 67, "column": 48 }
        },
        "line": 67
      },
      "7": {
        "name": "(anonymous_7)",
        "decl": {
          "start": { "line": 70, "column": 34 },
          "end": { "line": 70, "column": 35 }
        },
        "loc": {
          "start": { "line": 70, "column": 55 },
          "end": { "line": 75, "column": 9 }
        },
        "line": 70
      },
      "8": {
        "name": "(anonymous_8)",
        "decl": {
          "start": { "line": 72, "column": 22 },
          "end": { "line": 72, "column": 23 }
        },
        "loc": {
          "start": { "line": 73, "column": 20 },
          "end": { "line": 73, "column": 81 }
        },
        "line": 73
      },
      "9": {
        "name": "(anonymous_9)",
        "decl": {
          "start": { "line": 73, "column": 40 },
          "end": { "line": 73, "column": 41 }
        },
        "loc": {
          "start": { "line": 73, "column": 49 },
          "end": { "line": 73, "column": 80 }
        },
        "line": 73
      },
      "10": {
        "name": "(anonymous_10)",
        "decl": {
          "start": { "line": 77, "column": 24 },
          "end": { "line": 77, "column": 25 }
        },
        "loc": {
          "start": { "line": 77, "column": 30 },
          "end": { "line": 82, "column": 9 }
        },
        "line": 77
      },
      "11": {
        "name": "(anonymous_11)",
        "decl": {
          "start": { "line": 84, "column": 22 },
          "end": { "line": 84, "column": 23 }
        },
        "loc": {
          "start": { "line": 84, "column": 40 },
          "end": { "line": 87, "column": 9 }
        },
        "line": 84
      },
      "12": {
        "name": "(anonymous_12)",
        "decl": {
          "start": { "line": 90, "column": 17 },
          "end": { "line": 90, "column": 18 }
        },
        "loc": {
          "start": { "line": 90, "column": 33 },
          "end": { "line": 94, "column": 9 }
        },
        "line": 90
      },
      "13": {
        "name": "(anonymous_13)",
        "decl": {
          "start": { "line": 96, "column": 18 },
          "end": { "line": 96, "column": 19 }
        },
        "loc": {
          "start": { "line": 96, "column": 43 },
          "end": { "line": 104, "column": 9 }
        },
        "line": 96
      },
      "14": {
        "name": "(anonymous_14)",
        "decl": {
          "start": { "line": 106, "column": 17 },
          "end": { "line": 106, "column": 18 }
        },
        "loc": {
          "start": { "line": 106, "column": 42 },
          "end": { "line": 113, "column": 9 }
        },
        "line": 106
      },
      "15": {
        "name": "(anonymous_15)",
        "decl": {
          "start": { "line": 115, "column": 21 },
          "end": { "line": 115, "column": 22 }
        },
        "loc": {
          "start": { "line": 115, "column": 41 },
          "end": { "line": 119, "column": 9 }
        },
        "line": 115
      },
      "16": {
        "name": "(anonymous_16)",
        "decl": {
          "start": { "line": 122, "column": 20 },
          "end": { "line": 122, "column": 21 }
        },
        "loc": {
          "start": { "line": 122, "column": 32 },
          "end": { "line": 122, "column": 62 }
        },
        "line": 122
      },
      "17": {
        "name": "(anonymous_17)",
        "decl": {
          "start": { "line": 124, "column": 21 },
          "end": { "line": 124, "column": 22 }
        },
        "loc": {
          "start": { "line": 124, "column": 48 },
          "end": { "line": 131, "column": 9 }
        },
        "line": 124
      },
      "18": {
        "name": "(anonymous_18)",
        "decl": {
          "start": { "line": 133, "column": 20 },
          "end": { "line": 133, "column": 21 }
        },
        "loc": {
          "start": { "line": 133, "column": 47 },
          "end": { "line": 140, "column": 9 }
        },
        "line": 133
      },
      "19": {
        "name": "(anonymous_19)",
        "decl": {
          "start": { "line": 142, "column": 24 },
          "end": { "line": 142, "column": 25 }
        },
        "loc": {
          "start": { "line": 142, "column": 46 },
          "end": { "line": 144, "column": 9 }
        },
        "line": 142
      },
      "20": {
        "name": "(anonymous_20)",
        "decl": {
          "start": { "line": 147, "column": 18 },
          "end": { "line": 147, "column": 19 }
        },
        "loc": {
          "start": { "line": 147, "column": 42 },
          "end": { "line": 153, "column": 9 }
        },
        "line": 147
      },
      "21": {
        "name": "(anonymous_21)",
        "decl": {
          "start": { "line": 150, "column": 44 },
          "end": { "line": 150, "column": 45 }
        },
        "loc": {
          "start": { "line": 150, "column": 55 },
          "end": { "line": 150, "column": 82 }
        },
        "line": 150
      },
      "22": {
        "name": "(anonymous_22)",
        "decl": {
          "start": { "line": 155, "column": 22 },
          "end": { "line": 155, "column": 23 }
        },
        "loc": {
          "start": { "line": 155, "column": 44 },
          "end": { "line": 157, "column": 9 }
        },
        "line": 155
      },
      "23": {
        "name": "(anonymous_23)",
        "decl": {
          "start": { "line": 159, "column": 18 },
          "end": { "line": 159, "column": 19 }
        },
        "loc": {
          "start": { "line": 159, "column": 55 },
          "end": { "line": 165, "column": 9 }
        },
        "line": 159
      },
      "24": {
        "name": "(anonymous_24)",
        "decl": {
          "start": { "line": 167, "column": 19 },
          "end": { "line": 167, "column": 20 }
        },
        "loc": {
          "start": { "line": 167, "column": 45 },
          "end": { "line": 171, "column": 9 }
        },
        "line": 167
      },
      "25": {
        "name": "(anonymous_25)",
        "decl": {
          "start": { "line": 173, "column": 24 },
          "end": { "line": 173, "column": 25 }
        },
        "loc": {
          "start": { "line": 173, "column": 50 },
          "end": { "line": 177, "column": 9 }
        },
        "line": 173
      },
      "26": {
        "name": "(anonymous_26)",
        "decl": {
          "start": { "line": 180, "column": 17 },
          "end": { "line": 180, "column": 18 }
        },
        "loc": {
          "start": { "line": 180, "column": 44 },
          "end": { "line": 187, "column": 9 }
        },
        "line": 180
      },
      "27": {
        "name": "(anonymous_27)",
        "decl": {
          "start": { "line": 182, "column": 44 },
          "end": { "line": 182, "column": 45 }
        },
        "loc": {
          "start": { "line": 182, "column": 53 },
          "end": { "line": 182, "column": 84 }
        },
        "line": 182
      },
      "28": {
        "name": "(anonymous_28)",
        "decl": {
          "start": { "line": 190, "column": 20 },
          "end": { "line": 190, "column": 21 }
        },
        "loc": {
          "start": { "line": 190, "column": 47 },
          "end": { "line": 197, "column": 9 }
        },
        "line": 190
      },
      "29": {
        "name": "(anonymous_29)",
        "decl": {
          "start": { "line": 192, "column": 44 },
          "end": { "line": 192, "column": 45 }
        },
        "loc": {
          "start": { "line": 192, "column": 53 },
          "end": { "line": 192, "column": 84 }
        },
        "line": 192
      },
      "30": {
        "name": "(anonymous_30)",
        "decl": {
          "start": { "line": 200, "column": 20 },
          "end": { "line": 200, "column": 21 }
        },
        "loc": {
          "start": { "line": 200, "column": 56 },
          "end": { "line": 208, "column": 9 }
        },
        "line": 200
      },
      "31": {
        "name": "(anonymous_31)",
        "decl": {
          "start": { "line": 203, "column": 44 },
          "end": { "line": 203, "column": 45 }
        },
        "loc": {
          "start": { "line": 203, "column": 53 },
          "end": { "line": 203, "column": 84 }
        },
        "line": 203
      },
      "32": {
        "name": "(anonymous_32)",
        "decl": {
          "start": { "line": 211, "column": 23 },
          "end": { "line": 211, "column": 24 }
        },
        "loc": {
          "start": { "line": 211, "column": 44 },
          "end": { "line": 213, "column": 9 }
        },
        "line": 211
      },
      "33": {
        "name": "(anonymous_33)",
        "decl": {
          "start": { "line": 217, "column": 25 },
          "end": { "line": 217, "column": 26 }
        },
        "loc": {
          "start": { "line": 217, "column": 54 },
          "end": { "line": 223, "column": 9 }
        },
        "line": 217
      },
      "34": {
        "name": "(anonymous_34)",
        "decl": {
          "start": { "line": 225, "column": 28 },
          "end": { "line": 225, "column": 29 }
        },
        "loc": {
          "start": { "line": 225, "column": 60 },
          "end": { "line": 231, "column": 9 }
        },
        "line": 225
      }
    },
    "branchMap": {},
    "s": {
      "0": 1,
      "1": 1,
      "2": 1,
      "3": 1,
      "4": 1,
      "5": 1,
      "6": 1,
      "7": 1,
      "8": 1,
      "9": 1,
      "10": 1,
      "11": 1,
      "12": 0,
      "13": 1,
      "14": 1,
      "15": 0,
      "16": 0,
      "17": 0,
      "18": 0,
      "19": 0,
      "20": 0,
      "21": 1,
      "22": 1,
      "23": 1,
      "24": 0,
      "25": 0,
      "26": 0,
      "27": 0,
      "28": 0,
      "29": 0,
      "30": 0,
      "31": 0,
      "32": 0,
      "33": 2,
      "34": 2,
      "35": 2,
      "36": 2,
      "37": 2,
      "38": 2,
      "39": 2,
      "40": 2,
      "41": 2,
      "42": 2,
      "43": 2,
      "44": 2,
      "45": 2,
      "46": 0,
      "47": 0,
      "48": 0,
      "49": 0,
      "50": 0,
      "51": 0,
      "52": 0,
      "53": 0,
      "54": 0,
      "55": 0,
      "56": 0,
      "57": 0,
      "58": 0,
      "59": 0,
      "60": 0,
      "61": 0,
      "62": 0,
      "63": 1,
      "64": 1,
      "65": 4,
      "66": 1,
      "67": 1,
      "68": 1,
      "69": 1,
      "70": 1,
      "71": 1,
      "72": 1,
      "73": 0,
      "74": 0,
      "75": 0,
      "76": 0,
      "77": 0,
      "78": 0,
      "79": 0,
      "80": 0,
      "81": 0,
      "82": 0,
      "83": 0,
      "84": 0,
      "85": 0,
      "86": 0,
      "87": 0,
      "88": 0,
      "89": 0,
      "90": 0,
      "91": 0,
      "92": 0,
      "93": 0,
      "94": 0,
      "95": 0,
      "96": 0,
      "97": 0,
      "98": 0,
      "99": 0,
      "100": 0,
      "101": 0,
      "102": 0,
      "103": 0,
      "104": 0,
      "105": 0,
      "106": 0,
      "107": 0,
      "108": 0,
      "109": 0,
      "110": 0,
      "111": 0
    },
    "f": {
      "0": 1,
      "1": 0,
      "2": 1,
      "3": 1,
      "4": 0,
      "5": 0,
      "6": 0,
      "7": 1,
      "8": 1,
      "9": 1,
      "10": 0,
      "11": 0,
      "12": 0,
      "13": 2,
      "14": 2,
      "15": 0,
      "16": 0,
      "17": 0,
      "18": 0,
      "19": 0,
      "20": 1,
      "21": 4,
      "22": 1,
      "23": 1,
      "24": 0,
      "25": 0,
      "26": 0,
      "27": 0,
      "28": 0,
      "29": 0,
      "30": 0,
      "31": 0,
      "32": 0,
      "33": 0,
      "34": 0
    },
    "b": {},
    "_coverageSchema": "1a1c01bbd47fc00a2c39e90264f33305004495a9",
    "hash": "bd21a45f480e8d98c5c2eb84e0933589d75a3267"
  }
}
