{"/Users/willmayer/WebstormProjects/csc-308-teamproj/packages/express-backend/mongoose-services.js": {"path":"/Users/willmayer/WebstormProjects/csc-308-teamproj/packages/express-backend/mongoose-services.js","statementMap":{"0":{"start":{"line":3,"column":0},"end":{"line":3,"column":28}},"1":{"start":{"line":5,"column":19},"end":{"line":11,"column":2}},"2":{"start":{"line":14,"column":20},"end":{"line":19,"column":2}},"3":{"start":{"line":21,"column":19},"end":{"line":28,"column":2}},"4":{"start":{"line":30,"column":23},"end":{"line":33,"column":2}},"5":{"start":{"line":36,"column":17},"end":{"line":36,"column":53}},"6":{"start":{"line":37,"column":18},"end":{"line":37,"column":56}},"7":{"start":{"line":38,"column":17},"end":{"line":38,"column":53}},"8":{"start":{"line":39,"column":21},"end":{"line":39,"column":65}},"9":{"start":{"line":41,"column":4},"end":{"line":204,"column":6}},"10":{"start":{"line":45,"column":38},"end":{"line":45,"column":64}},"11":{"start":{"line":47,"column":30},"end":{"line":47,"column":47}},"12":{"start":{"line":49,"column":31},"end":{"line":49,"column":49}},"13":{"start":{"line":52,"column":25},"end":{"line":52,"column":52}},"14":{"start":{"line":53,"column":12},"end":{"line":53,"column":45}},"15":{"start":{"line":54,"column":12},"end":{"line":54,"column":30}},"16":{"start":{"line":55,"column":12},"end":{"line":55,"column":34}},"17":{"start":{"line":59,"column":26},"end":{"line":59,"column":55}},"18":{"start":{"line":60,"column":12},"end":{"line":60,"column":46}},"19":{"start":{"line":64,"column":26},"end":{"line":64,"column":55}},"20":{"start":{"line":65,"column":12},"end":{"line":66,"column":28}},"21":{"start":{"line":66,"column":16},"end":{"line":66,"column":28}},"22":{"start":{"line":68,"column":25},"end":{"line":68,"column":85}},"23":{"start":{"line":68,"column":53},"end":{"line":68,"column":84}},"24":{"start":{"line":69,"column":12},"end":{"line":70,"column":28}},"25":{"start":{"line":70,"column":16},"end":{"line":70,"column":28}},"26":{"start":{"line":72,"column":12},"end":{"line":72,"column":24}},"27":{"start":{"line":76,"column":26},"end":{"line":76,"column":54}},"28":{"start":{"line":77,"column":29},"end":{"line":77,"column":62}},"29":{"start":{"line":78,"column":32},"end":{"line":78,"column":68}},"30":{"start":{"line":79,"column":12},"end":{"line":79,"column":73}},"31":{"start":{"line":79,"column":61},"end":{"line":79,"column":73}},"32":{"start":{"line":80,"column":28},"end":{"line":80,"column":82}},"33":{"start":{"line":81,"column":12},"end":{"line":81,"column":48}},"34":{"start":{"line":86,"column":25},"end":{"line":86,"column":52}},"35":{"start":{"line":87,"column":12},"end":{"line":87,"column":33}},"36":{"start":{"line":92,"column":28},"end":{"line":92,"column":42}},"37":{"start":{"line":93,"column":12},"end":{"line":93,"column":33}},"38":{"start":{"line":94,"column":12},"end":{"line":94,"column":27}},"39":{"start":{"line":98,"column":29},"end":{"line":98,"column":45}},"40":{"start":{"line":99,"column":28},"end":{"line":99,"column":40}},"41":{"start":{"line":100,"column":12},"end":{"line":100,"column":34}},"42":{"start":{"line":101,"column":25},"end":{"line":101,"column":52}},"43":{"start":{"line":102,"column":12},"end":{"line":102,"column":41}},"44":{"start":{"line":103,"column":12},"end":{"line":103,"column":30}},"45":{"start":{"line":104,"column":12},"end":{"line":104,"column":28}},"46":{"start":{"line":108,"column":26},"end":{"line":108,"column":55}},"47":{"start":{"line":109,"column":28},"end":{"line":109,"column":42}},"48":{"start":{"line":110,"column":12},"end":{"line":110,"column":40}},"49":{"start":{"line":111,"column":12},"end":{"line":111,"column":31}},"50":{"start":{"line":112,"column":12},"end":{"line":112,"column":31}},"51":{"start":{"line":113,"column":12},"end":{"line":113,"column":27}},"52":{"start":{"line":117,"column":32},"end":{"line":117,"column":62}},"53":{"start":{"line":120,"column":25},"end":{"line":120,"column":52}},"54":{"start":{"line":121,"column":12},"end":{"line":121,"column":41}},"55":{"start":{"line":122,"column":12},"end":{"line":122,"column":30}},"56":{"start":{"line":123,"column":26},"end":{"line":123,"column":55}},"57":{"start":{"line":124,"column":12},"end":{"line":124,"column":51}},"58":{"start":{"line":125,"column":12},"end":{"line":125,"column":25}},"59":{"start":{"line":129,"column":26},"end":{"line":129,"column":55}},"60":{"start":{"line":130,"column":25},"end":{"line":130,"column":49}},"61":{"start":{"line":131,"column":12},"end":{"line":131,"column":29}},"62":{"start":{"line":132,"column":12},"end":{"line":132,"column":31}},"63":{"start":{"line":133,"column":12},"end":{"line":133,"column":31}},"64":{"start":{"line":134,"column":12},"end":{"line":134,"column":24}},"65":{"start":{"line":139,"column":34},"end":{"line":139,"column":73}},"66":{"start":{"line":140,"column":33},"end":{"line":142,"column":13}},"67":{"start":{"line":141,"column":55},"end":{"line":141,"column":82}},"68":{"start":{"line":143,"column":12},"end":{"line":143,"column":83}},"69":{"start":{"line":147,"column":12},"end":{"line":147,"column":75}},"70":{"start":{"line":151,"column":26},"end":{"line":151,"column":55}},"71":{"start":{"line":152,"column":25},"end":{"line":152,"column":49}},"72":{"start":{"line":153,"column":12},"end":{"line":153,"column":42}},"73":{"start":{"line":154,"column":12},"end":{"line":154,"column":31}},"74":{"start":{"line":155,"column":12},"end":{"line":155,"column":24}},"75":{"start":{"line":159,"column":25},"end":{"line":162,"column":17}},"76":{"start":{"line":161,"column":20},"end":{"line":161,"column":81}},"77":{"start":{"line":161,"column":49},"end":{"line":161,"column":80}},"78":{"start":{"line":163,"column":12},"end":{"line":163,"column":31}},"79":{"start":{"line":164,"column":12},"end":{"line":164,"column":24}},"80":{"start":{"line":169,"column":25},"end":{"line":172,"column":17}},"81":{"start":{"line":171,"column":20},"end":{"line":171,"column":81}},"82":{"start":{"line":171,"column":49},"end":{"line":171,"column":80}},"83":{"start":{"line":173,"column":12},"end":{"line":173,"column":31}},"84":{"start":{"line":174,"column":12},"end":{"line":174,"column":24}},"85":{"start":{"line":179,"column":26},"end":{"line":179,"column":55}},"86":{"start":{"line":180,"column":12},"end":{"line":180,"column":51}},"87":{"start":{"line":181,"column":12},"end":{"line":181,"column":43}},"88":{"start":{"line":182,"column":25},"end":{"line":182,"column":85}},"89":{"start":{"line":182,"column":53},"end":{"line":182,"column":84}},"90":{"start":{"line":183,"column":12},"end":{"line":183,"column":57}},"91":{"start":{"line":183,"column":23},"end":{"line":183,"column":57}},"92":{"start":{"line":184,"column":12},"end":{"line":184,"column":40}},"93":{"start":{"line":185,"column":12},"end":{"line":185,"column":31}},"94":{"start":{"line":186,"column":12},"end":{"line":186,"column":24}},"95":{"start":{"line":190,"column":25},"end":{"line":190,"column":52}},"96":{"start":{"line":191,"column":29},"end":{"line":191,"column":69}},"97":{"start":{"line":192,"column":12},"end":{"line":192,"column":43}},"98":{"start":{"line":193,"column":12},"end":{"line":193,"column":34}},"99":{"start":{"line":194,"column":12},"end":{"line":194,"column":28}},"100":{"start":{"line":198,"column":25},"end":{"line":198,"column":52}},"101":{"start":{"line":199,"column":29},"end":{"line":199,"column":69}},"102":{"start":{"line":200,"column":12},"end":{"line":200,"column":49}},"103":{"start":{"line":201,"column":12},"end":{"line":201,"column":34}},"104":{"start":{"line":202,"column":12},"end":{"line":202,"column":28}}},"fnMap":{"0":{"name":"createMongooseServices","decl":{"start":{"line":35,"column":24},"end":{"line":35,"column":46}},"loc":{"start":{"line":35,"column":59},"end":{"line":205,"column":1}},"line":35},"1":{"name":"(anonymous_1)","decl":{"start":{"line":45,"column":24},"end":{"line":45,"column":25}},"loc":{"start":{"line":45,"column":38},"end":{"line":45,"column":64}},"line":45},"2":{"name":"(anonymous_2)","decl":{"start":{"line":47,"column":22},"end":{"line":47,"column":23}},"loc":{"start":{"line":47,"column":30},"end":{"line":47,"column":47}},"line":47},"3":{"name":"(anonymous_3)","decl":{"start":{"line":49,"column":23},"end":{"line":49,"column":24}},"loc":{"start":{"line":49,"column":31},"end":{"line":49,"column":49}},"line":49},"4":{"name":"(anonymous_4)","decl":{"start":{"line":51,"column":27},"end":{"line":51,"column":28}},"loc":{"start":{"line":51,"column":45},"end":{"line":56,"column":9}},"line":51},"5":{"name":"(anonymous_5)","decl":{"start":{"line":58,"column":26},"end":{"line":58,"column":27}},"loc":{"start":{"line":58,"column":45},"end":{"line":61,"column":9}},"line":58},"6":{"name":"(anonymous_6)","decl":{"start":{"line":63,"column":34},"end":{"line":63,"column":35}},"loc":{"start":{"line":63,"column":61},"end":{"line":73,"column":9}},"line":63},"7":{"name":"(anonymous_7)","decl":{"start":{"line":68,"column":44},"end":{"line":68,"column":45}},"loc":{"start":{"line":68,"column":53},"end":{"line":68,"column":84}},"line":68},"8":{"name":"(anonymous_8)","decl":{"start":{"line":75,"column":24},"end":{"line":75,"column":25}},"loc":{"start":{"line":75,"column":36},"end":{"line":82,"column":9}},"line":75},"9":{"name":"(anonymous_9)","decl":{"start":{"line":85,"column":22},"end":{"line":85,"column":23}},"loc":{"start":{"line":85,"column":40},"end":{"line":88,"column":9}},"line":85},"10":{"name":"(anonymous_10)","decl":{"start":{"line":91,"column":17},"end":{"line":91,"column":18}},"loc":{"start":{"line":91,"column":33},"end":{"line":95,"column":9}},"line":91},"11":{"name":"(anonymous_11)","decl":{"start":{"line":97,"column":18},"end":{"line":97,"column":19}},"loc":{"start":{"line":97,"column":43},"end":{"line":105,"column":9}},"line":97},"12":{"name":"(anonymous_12)","decl":{"start":{"line":107,"column":17},"end":{"line":107,"column":18}},"loc":{"start":{"line":107,"column":42},"end":{"line":114,"column":9}},"line":107},"13":{"name":"(anonymous_13)","decl":{"start":{"line":117,"column":20},"end":{"line":117,"column":21}},"loc":{"start":{"line":117,"column":32},"end":{"line":117,"column":62}},"line":117},"14":{"name":"(anonymous_14)","decl":{"start":{"line":119,"column":21},"end":{"line":119,"column":22}},"loc":{"start":{"line":119,"column":48},"end":{"line":126,"column":9}},"line":119},"15":{"name":"(anonymous_15)","decl":{"start":{"line":128,"column":20},"end":{"line":128,"column":21}},"loc":{"start":{"line":128,"column":47},"end":{"line":135,"column":9}},"line":128},"16":{"name":"(anonymous_16)","decl":{"start":{"line":138,"column":18},"end":{"line":138,"column":19}},"loc":{"start":{"line":138,"column":42},"end":{"line":144,"column":9}},"line":138},"17":{"name":"(anonymous_17)","decl":{"start":{"line":141,"column":44},"end":{"line":141,"column":45}},"loc":{"start":{"line":141,"column":55},"end":{"line":141,"column":82}},"line":141},"18":{"name":"(anonymous_18)","decl":{"start":{"line":146,"column":22},"end":{"line":146,"column":23}},"loc":{"start":{"line":146,"column":44},"end":{"line":148,"column":9}},"line":146},"19":{"name":"(anonymous_19)","decl":{"start":{"line":150,"column":18},"end":{"line":150,"column":19}},"loc":{"start":{"line":150,"column":55},"end":{"line":156,"column":9}},"line":150},"20":{"name":"(anonymous_20)","decl":{"start":{"line":158,"column":17},"end":{"line":158,"column":18}},"loc":{"start":{"line":158,"column":44},"end":{"line":165,"column":9}},"line":158},"21":{"name":"(anonymous_21)","decl":{"start":{"line":160,"column":22},"end":{"line":160,"column":23}},"loc":{"start":{"line":161,"column":20},"end":{"line":161,"column":81}},"line":161},"22":{"name":"(anonymous_22)","decl":{"start":{"line":161,"column":40},"end":{"line":161,"column":41}},"loc":{"start":{"line":161,"column":49},"end":{"line":161,"column":80}},"line":161},"23":{"name":"(anonymous_23)","decl":{"start":{"line":168,"column":20},"end":{"line":168,"column":21}},"loc":{"start":{"line":168,"column":47},"end":{"line":175,"column":9}},"line":168},"24":{"name":"(anonymous_24)","decl":{"start":{"line":170,"column":22},"end":{"line":170,"column":23}},"loc":{"start":{"line":171,"column":20},"end":{"line":171,"column":81}},"line":171},"25":{"name":"(anonymous_25)","decl":{"start":{"line":171,"column":40},"end":{"line":171,"column":41}},"loc":{"start":{"line":171,"column":49},"end":{"line":171,"column":80}},"line":171},"26":{"name":"(anonymous_26)","decl":{"start":{"line":178,"column":20},"end":{"line":178,"column":21}},"loc":{"start":{"line":178,"column":56},"end":{"line":187,"column":9}},"line":178},"27":{"name":"(anonymous_27)","decl":{"start":{"line":182,"column":44},"end":{"line":182,"column":45}},"loc":{"start":{"line":182,"column":53},"end":{"line":182,"column":84}},"line":182},"28":{"name":"(anonymous_28)","decl":{"start":{"line":189,"column":25},"end":{"line":189,"column":26}},"loc":{"start":{"line":189,"column":54},"end":{"line":195,"column":9}},"line":189},"29":{"name":"(anonymous_29)","decl":{"start":{"line":197,"column":28},"end":{"line":197,"column":29}},"loc":{"start":{"line":197,"column":60},"end":{"line":203,"column":9}},"line":197}},"branchMap":{"0":{"loc":{"start":{"line":60,"column":19},"end":{"line":60,"column":45}},"type":"cond-expr","locations":[{"start":{"line":60,"column":27},"end":{"line":60,"column":40}},{"start":{"line":60,"column":43},"end":{"line":60,"column":45}}],"line":60},"1":{"loc":{"start":{"line":65,"column":12},"end":{"line":66,"column":28}},"type":"if","locations":[{"start":{"line":65,"column":12},"end":{"line":66,"column":28}},{"start":{},"end":{}}],"line":65},"2":{"loc":{"start":{"line":69,"column":12},"end":{"line":70,"column":28}},"type":"if","locations":[{"start":{"line":69,"column":12},"end":{"line":70,"column":28}},{"start":{},"end":{}}],"line":69},"3":{"loc":{"start":{"line":79,"column":12},"end":{"line":79,"column":73}},"type":"if","locations":[{"start":{"line":79,"column":12},"end":{"line":79,"column":73}},{"start":{},"end":{}}],"line":79},"4":{"loc":{"start":{"line":79,"column":16},"end":{"line":79,"column":59}},"type":"binary-expr","locations":[{"start":{"line":79,"column":16},"end":{"line":79,"column":28}},{"start":{"line":79,"column":32},"end":{"line":79,"column":59}}],"line":79},"5":{"loc":{"start":{"line":183,"column":12},"end":{"line":183,"column":57}},"type":"if","locations":[{"start":{"line":183,"column":12},"end":{"line":183,"column":57}},{"start":{},"end":{}}],"line":183}},"s":{"0":2,"1":2,"2":2,"3":2,"4":2,"5":2,"6":2,"7":2,"8":2,"9":2,"10":0,"11":4,"12":1,"13":1,"14":1,"15":1,"16":1,"17":2,"18":2,"19":1,"20":1,"21":0,"22":1,"23":1,"24":1,"25":0,"26":1,"27":1,"28":1,"29":1,"30":1,"31":0,"32":1,"33":1,"34":0,"35":0,"36":6,"37":6,"38":5,"39":4,"40":4,"41":4,"42":4,"43":4,"44":4,"45":4,"46":2,"47":2,"48":2,"49":2,"50":2,"51":2,"52":0,"53":1,"54":1,"55":1,"56":1,"57":1,"58":1,"59":1,"60":1,"61":1,"62":1,"63":1,"64":1,"65":1,"66":1,"67":4,"68":1,"69":1,"70":1,"71":1,"72":1,"73":1,"74":1,"75":1,"76":1,"77":1,"78":1,"79":1,"80":1,"81":1,"82":1,"83":1,"84":1,"85":1,"86":1,"87":1,"88":1,"89":1,"90":1,"91":0,"92":1,"93":1,"94":1,"95":0,"96":0,"97":0,"98":0,"99":0,"100":0,"101":0,"102":0,"103":0,"104":0},"f":{"0":2,"1":0,"2":4,"3":1,"4":1,"5":2,"6":1,"7":1,"8":1,"9":0,"10":6,"11":4,"12":2,"13":0,"14":1,"15":1,"16":1,"17":4,"18":1,"19":1,"20":1,"21":1,"22":1,"23":1,"24":1,"25":1,"26":1,"27":1,"28":0,"29":0},"b":{"0":[1,1],"1":[0,1],"2":[0,1],"3":[0,1],"4":[1,1],"5":[0,1]},"_coverageSchema":"1a1c01bbd47fc00a2c39e90264f33305004495a9","hash":"2df5f5bd96a56a2d1254a17c18e047af9dcacf03"}
,"/Users/willmayer/WebstormProjects/csc-308-teamproj/packages/express-backend/auth/auth-middleware.js": {"path":"/Users/willmayer/WebstormProjects/csc-308-teamproj/packages/express-backend/auth/auth-middleware.js","statementMap":{"0":{"start":{"line":5,"column":20},"end":{"line":5,"column":58}},"1":{"start":{"line":6,"column":4},"end":{"line":9,"column":5}},"2":{"start":{"line":7,"column":8},"end":{"line":7,"column":78}},"3":{"start":{"line":8,"column":8},"end":{"line":8,"column":15}},"4":{"start":{"line":10,"column":24},"end":{"line":10,"column":48}},"5":{"start":{"line":13,"column":27},"end":{"line":13,"column":65}},"6":{"start":{"line":16,"column":4},"end":{"line":21,"column":5}},"7":{"start":{"line":18,"column":8},"end":{"line":18,"column":34}},"8":{"start":{"line":19,"column":8},"end":{"line":19,"column":15}},"9":{"start":{"line":20,"column":8},"end":{"line":20,"column":15}},"10":{"start":{"line":23,"column":4},"end":{"line":23,"column":105}},"11":{"start":{"line":24,"column":4},"end":{"line":51,"column":5}},"12":{"start":{"line":25,"column":8},"end":{"line":46,"column":9}},"13":{"start":{"line":26,"column":35},"end":{"line":26,"column":72}},"14":{"start":{"line":27,"column":12},"end":{"line":30,"column":13}},"15":{"start":{"line":28,"column":16},"end":{"line":28,"column":83}},"16":{"start":{"line":29,"column":16},"end":{"line":29,"column":23}},"17":{"start":{"line":33,"column":12},"end":{"line":38,"column":19}},"18":{"start":{"line":41,"column":12},"end":{"line":41,"column":65}},"19":{"start":{"line":42,"column":12},"end":{"line":42,"column":19}},"20":{"start":{"line":45,"column":12},"end":{"line":45,"column":88}},"21":{"start":{"line":50,"column":8},"end":{"line":50,"column":86}}},"fnMap":{"0":{"name":"authenticatedRoute","decl":{"start":{"line":4,"column":22},"end":{"line":4,"column":40}},"loc":{"start":{"line":4,"column":58},"end":{"line":52,"column":1}},"line":4}},"branchMap":{"0":{"loc":{"start":{"line":5,"column":33},"end":{"line":5,"column":57}},"type":"binary-expr","locations":[{"start":{"line":5,"column":33},"end":{"line":5,"column":51}},{"start":{"line":5,"column":55},"end":{"line":5,"column":57}}],"line":5},"1":{"loc":{"start":{"line":6,"column":4},"end":{"line":9,"column":5}},"type":"if","locations":[{"start":{"line":6,"column":4},"end":{"line":9,"column":5}},{"start":{},"end":{}}],"line":6},"2":{"loc":{"start":{"line":16,"column":4},"end":{"line":21,"column":5}},"type":"if","locations":[{"start":{"line":16,"column":4},"end":{"line":21,"column":5}},{"start":{},"end":{}}],"line":16},"3":{"loc":{"start":{"line":24,"column":4},"end":{"line":51,"column":5}},"type":"if","locations":[{"start":{"line":24,"column":4},"end":{"line":51,"column":5}},{"start":{"line":48,"column":9},"end":{"line":51,"column":5}}],"line":24},"4":{"loc":{"start":{"line":27,"column":12},"end":{"line":30,"column":13}},"type":"if","locations":[{"start":{"line":27,"column":12},"end":{"line":30,"column":13}},{"start":{},"end":{}}],"line":27}},"s":{"0":0,"1":0,"2":0,"3":0,"4":0,"5":0,"6":0,"7":0,"8":0,"9":0,"10":0,"11":0,"12":0,"13":0,"14":0,"15":0,"16":0,"17":0,"18":0,"19":0,"20":0,"21":0},"f":{"0":0},"b":{"0":[0,0],"1":[0,0],"2":[0,0],"3":[0,0],"4":[0,0]}}
,"/Users/willmayer/WebstormProjects/csc-308-teamproj/packages/express-backend/auth/auth-services.js": {"path":"/Users/willmayer/WebstormProjects/csc-308-teamproj/packages/express-backend/auth/auth-services.js","statementMap":{"0":{"start":{"line":18,"column":4},"end":{"line":41,"column":7}},"1":{"start":{"line":19,"column":8},"end":{"line":20,"column":38}},"2":{"start":{"line":20,"column":12},"end":{"line":20,"column":38}},"3":{"start":{"line":22,"column":8},"end":{"line":40,"column":9}},"4":{"start":{"line":23,"column":25},"end":{"line":23,"column":54}},"5":{"start":{"line":25,"column":12},"end":{"line":36,"column":19}},"6":{"start":{"line":30,"column":20},"end":{"line":30,"column":48}},"7":{"start":{"line":31,"column":20},"end":{"line":31,"column":32}},"8":{"start":{"line":34,"column":20},"end":{"line":34,"column":57}},"9":{"start":{"line":35,"column":20},"end":{"line":35,"column":32}},"10":{"start":{"line":39,"column":12},"end":{"line":39,"column":22}},"11":{"start":{"line":58,"column":4},"end":{"line":88,"column":7}},"12":{"start":{"line":59,"column":8},"end":{"line":60,"column":35}},"13":{"start":{"line":60,"column":12},"end":{"line":60,"column":35}},"14":{"start":{"line":63,"column":8},"end":{"line":86,"column":39}},"15":{"start":{"line":65,"column":16},"end":{"line":66,"column":45}},"16":{"start":{"line":66,"column":20},"end":{"line":66,"column":45}},"17":{"start":{"line":68,"column":39},"end":{"line":68,"column":52}},"18":{"start":{"line":71,"column":16},"end":{"line":84,"column":19}},"19":{"start":{"line":73,"column":20},"end":{"line":74,"column":36}},"20":{"start":{"line":74,"column":24},"end":{"line":74,"column":36}},"21":{"start":{"line":77,"column":20},"end":{"line":83,"column":50}},"22":{"start":{"line":78,"column":44},"end":{"line":78,"column":89}},"23":{"start":{"line":80,"column":24},"end":{"line":80,"column":45}},"24":{"start":{"line":83,"column":24},"end":{"line":83,"column":50}},"25":{"start":{"line":86,"column":26},"end":{"line":86,"column":37}},"26":{"start":{"line":108,"column":4},"end":{"line":109,"column":55}},"27":{"start":{"line":109,"column":8},"end":{"line":109,"column":55}},"28":{"start":{"line":112,"column":4},"end":{"line":113,"column":55}},"29":{"start":{"line":113,"column":8},"end":{"line":113,"column":55}},"30":{"start":{"line":116,"column":20},"end":{"line":116,"column":60}},"31":{"start":{"line":117,"column":4},"end":{"line":117,"column":53}},"32":{"start":{"line":118,"column":4},"end":{"line":119,"column":55}},"33":{"start":{"line":119,"column":8},"end":{"line":119,"column":55}},"34":{"start":{"line":122,"column":27},"end":{"line":122,"column":56}},"35":{"start":{"line":123,"column":4},"end":{"line":124,"column":55}},"36":{"start":{"line":124,"column":8},"end":{"line":124,"column":55}},"37":{"start":{"line":127,"column":4},"end":{"line":130,"column":5}},"38":{"start":{"line":143,"column":24},"end":{"line":146,"column":6}},"39":{"start":{"line":148,"column":25},"end":{"line":150,"column":15}},"40":{"start":{"line":152,"column":4},"end":{"line":155,"column":5}},"41":{"start":{"line":168,"column":4},"end":{"line":169,"column":49}},"42":{"start":{"line":169,"column":8},"end":{"line":169,"column":49}},"43":{"start":{"line":172,"column":27},"end":{"line":172,"column":68}},"44":{"start":{"line":173,"column":4},"end":{"line":174,"column":49}},"45":{"start":{"line":174,"column":8},"end":{"line":174,"column":49}},"46":{"start":{"line":177,"column":26},"end":{"line":177,"column":66}},"47":{"start":{"line":178,"column":4},"end":{"line":179,"column":48}},"48":{"start":{"line":179,"column":8},"end":{"line":179,"column":48}},"49":{"start":{"line":182,"column":27},"end":{"line":182,"column":56}},"50":{"start":{"line":183,"column":4},"end":{"line":184,"column":21}},"51":{"start":{"line":184,"column":8},"end":{"line":184,"column":21}},"52":{"start":{"line":187,"column":21},"end":{"line":187,"column":60}},"53":{"start":{"line":189,"column":4},"end":{"line":192,"column":5}},"54":{"start":{"line":205,"column":20},"end":{"line":205,"column":37}},"55":{"start":{"line":206,"column":19},"end":{"line":206,"column":57}},"56":{"start":{"line":208,"column":4},"end":{"line":214,"column":22}},"57":{"start":{"line":223,"column":4},"end":{"line":238,"column":5}},"58":{"start":{"line":224,"column":24},"end":{"line":224,"column":41}},"59":{"start":{"line":225,"column":23},"end":{"line":225,"column":61}},"60":{"start":{"line":229,"column":12},"end":{"line":232,"column":10}},"61":{"start":{"line":234,"column":8},"end":{"line":234,"column":23}},"62":{"start":{"line":237,"column":8},"end":{"line":237,"column":21}}},"fnMap":{"0":{"name":"signup","decl":{"start":{"line":17,"column":16},"end":{"line":17,"column":22}},"loc":{"start":{"line":17,"column":54},"end":{"line":42,"column":1}},"line":17},"1":{"name":"(anonymous_1)","decl":{"start":{"line":18,"column":23},"end":{"line":18,"column":24}},"loc":{"start":{"line":18,"column":44},"end":{"line":41,"column":5}},"line":18},"2":{"name":"(anonymous_2)","decl":{"start":{"line":29,"column":22},"end":{"line":29,"column":23}},"loc":{"start":{"line":29,"column":31},"end":{"line":32,"column":17}},"line":29},"3":{"name":"(anonymous_3)","decl":{"start":{"line":33,"column":23},"end":{"line":33,"column":24}},"loc":{"start":{"line":33,"column":30},"end":{"line":36,"column":17}},"line":33},"4":{"name":"login","decl":{"start":{"line":54,"column":16},"end":{"line":54,"column":21}},"loc":{"start":{"line":54,"column":42},"end":{"line":89,"column":1}},"line":54},"5":{"name":"(anonymous_5)","decl":{"start":{"line":58,"column":23},"end":{"line":58,"column":24}},"loc":{"start":{"line":58,"column":44},"end":{"line":88,"column":5}},"line":58},"6":{"name":"(anonymous_6)","decl":{"start":{"line":64,"column":18},"end":{"line":64,"column":19}},"loc":{"start":{"line":64,"column":26},"end":{"line":85,"column":13}},"line":64},"7":{"name":"(anonymous_7)","decl":{"start":{"line":71,"column":57},"end":{"line":71,"column":58}},"loc":{"start":{"line":71,"column":81},"end":{"line":84,"column":17}},"line":71},"8":{"name":"(anonymous_8)","decl":{"start":{"line":86,"column":19},"end":{"line":86,"column":20}},"loc":{"start":{"line":86,"column":26},"end":{"line":86,"column":37}},"line":86},"9":{"name":"validateCredentials","decl":{"start":{"line":106,"column":22},"end":{"line":106,"column":41}},"loc":{"start":{"line":106,"column":55},"end":{"line":131,"column":1}},"line":106},"10":{"name":"createCredentials","decl":{"start":{"line":142,"column":22},"end":{"line":142,"column":39}},"loc":{"start":{"line":142,"column":55},"end":{"line":156,"column":1}},"line":142},"11":{"name":"refreshCredentials","decl":{"start":{"line":166,"column":22},"end":{"line":166,"column":40}},"loc":{"start":{"line":166,"column":54},"end":{"line":193,"column":1}},"line":166},"12":{"name":"generateJWT","decl":{"start":{"line":204,"column":15},"end":{"line":204,"column":26}},"loc":{"start":{"line":204,"column":51},"end":{"line":215,"column":1}},"line":204},"13":{"name":"verifyJWT","decl":{"start":{"line":222,"column":15},"end":{"line":222,"column":24}},"loc":{"start":{"line":222,"column":30},"end":{"line":239,"column":1}},"line":222}},"branchMap":{"0":{"loc":{"start":{"line":19,"column":8},"end":{"line":20,"column":38}},"type":"if","locations":[{"start":{"line":19,"column":8},"end":{"line":20,"column":38}},{"start":{},"end":{}}],"line":19},"1":{"loc":{"start":{"line":19,"column":12},"end":{"line":19,"column":44}},"type":"binary-expr","locations":[{"start":{"line":19,"column":12},"end":{"line":19,"column":21}},{"start":{"line":19,"column":25},"end":{"line":19,"column":31}},{"start":{"line":19,"column":35},"end":{"line":19,"column":44}}],"line":19},"2":{"loc":{"start":{"line":59,"column":8},"end":{"line":60,"column":35}},"type":"if","locations":[{"start":{"line":59,"column":8},"end":{"line":60,"column":35}},{"start":{},"end":{}}],"line":59},"3":{"loc":{"start":{"line":59,"column":12},"end":{"line":59,"column":34}},"type":"binary-expr","locations":[{"start":{"line":59,"column":12},"end":{"line":59,"column":21}},{"start":{"line":59,"column":25},"end":{"line":59,"column":34}}],"line":59},"4":{"loc":{"start":{"line":65,"column":16},"end":{"line":66,"column":45}},"type":"if","locations":[{"start":{"line":65,"column":16},"end":{"line":66,"column":45}},{"start":{},"end":{}}],"line":65},"5":{"loc":{"start":{"line":73,"column":20},"end":{"line":74,"column":36}},"type":"if","locations":[{"start":{"line":73,"column":20},"end":{"line":74,"column":36}},{"start":{},"end":{}}],"line":73},"6":{"loc":{"start":{"line":77,"column":20},"end":{"line":83,"column":50}},"type":"if","locations":[{"start":{"line":77,"column":20},"end":{"line":83,"column":50}},{"start":{"line":83,"column":24},"end":{"line":83,"column":50}}],"line":77},"7":{"loc":{"start":{"line":108,"column":4},"end":{"line":109,"column":55}},"type":"if","locations":[{"start":{"line":108,"column":4},"end":{"line":109,"column":55}},{"start":{},"end":{}}],"line":108},"8":{"loc":{"start":{"line":112,"column":4},"end":{"line":113,"column":55}},"type":"if","locations":[{"start":{"line":112,"column":4},"end":{"line":113,"column":55}},{"start":{},"end":{}}],"line":112},"9":{"loc":{"start":{"line":118,"column":4},"end":{"line":119,"column":55}},"type":"if","locations":[{"start":{"line":118,"column":4},"end":{"line":119,"column":55}},{"start":{},"end":{}}],"line":118},"10":{"loc":{"start":{"line":123,"column":4},"end":{"line":124,"column":55}},"type":"if","locations":[{"start":{"line":123,"column":4},"end":{"line":124,"column":55}},{"start":{},"end":{}}],"line":123},"11":{"loc":{"start":{"line":168,"column":4},"end":{"line":169,"column":49}},"type":"if","locations":[{"start":{"line":168,"column":4},"end":{"line":169,"column":49}},{"start":{},"end":{}}],"line":168},"12":{"loc":{"start":{"line":168,"column":8},"end":{"line":168,"column":96}},"type":"binary-expr","locations":[{"start":{"line":168,"column":8},"end":{"line":168,"column":39}},{"start":{"line":168,"column":43},"end":{"line":168,"column":68}},{"start":{"line":168,"column":72},"end":{"line":168,"column":96}}],"line":168},"13":{"loc":{"start":{"line":173,"column":4},"end":{"line":174,"column":49}},"type":"if","locations":[{"start":{"line":173,"column":4},"end":{"line":174,"column":49}},{"start":{},"end":{}}],"line":173},"14":{"loc":{"start":{"line":178,"column":4},"end":{"line":179,"column":48}},"type":"if","locations":[{"start":{"line":178,"column":4},"end":{"line":179,"column":48}},{"start":{},"end":{}}],"line":178},"15":{"loc":{"start":{"line":183,"column":4},"end":{"line":184,"column":21}},"type":"if","locations":[{"start":{"line":183,"column":4},"end":{"line":184,"column":21}},{"start":{},"end":{}}],"line":183},"16":{"loc":{"start":{"line":204,"column":36},"end":{"line":204,"column":49}},"type":"default-arg","locations":[{"start":{"line":204,"column":43},"end":{"line":204,"column":49}}],"line":204}},"s":{"0":0,"1":0,"2":0,"3":0,"4":0,"5":0,"6":0,"7":0,"8":0,"9":0,"10":0,"11":0,"12":0,"13":0,"14":0,"15":0,"16":0,"17":0,"18":0,"19":0,"20":0,"21":0,"22":0,"23":0,"24":0,"25":0,"26":0,"27":0,"28":0,"29":0,"30":0,"31":0,"32":0,"33":0,"34":0,"35":0,"36":0,"37":0,"38":0,"39":0,"40":0,"41":0,"42":0,"43":0,"44":0,"45":0,"46":0,"47":0,"48":0,"49":0,"50":0,"51":0,"52":0,"53":0,"54":0,"55":0,"56":0,"57":0,"58":0,"59":0,"60":0,"61":0,"62":0},"f":{"0":0,"1":0,"2":0,"3":0,"4":0,"5":0,"6":0,"7":0,"8":0,"9":0,"10":0,"11":0,"12":0,"13":0},"b":{"0":[0,0],"1":[0,0,0],"2":[0,0],"3":[0,0],"4":[0,0],"5":[0,0],"6":[0,0],"7":[0,0],"8":[0,0],"9":[0,0],"10":[0,0],"11":[0,0],"12":[0,0,0],"13":[0,0],"14":[0,0],"15":[0,0],"16":[0]}}
}
