TN:
SF:mongoose-services.js
FN:35,createMongooseServices
FN:45,(anonymous_1)
FN:47,(anonymous_2)
FN:49,(anonymous_3)
FN:51,(anonymous_4)
FN:58,(anonymous_5)
FN:63,(anonymous_6)
FN:68,(anonymous_7)
FN:75,(anonymous_8)
FN:85,(anonymous_9)
FN:91,(anonymous_10)
FN:97,(anonymous_11)
FN:107,(anonymous_12)
FN:117,(anonymous_13)
FN:119,(anonymous_14)
FN:128,(anonymous_15)
FN:138,(anonymous_16)
FN:141,(anonymous_17)
FN:146,(anonymous_18)
FN:150,(anonymous_19)
FN:158,(anonymous_20)
FN:160,(anonymous_21)
FN:161,(anonymous_22)
FN:168,(anonymous_23)
FN:170,(anonymous_24)
FN:171,(anonymous_25)
FN:178,(anonymous_26)
FN:182,(anonymous_27)
FN:189,(anonymous_28)
FN:197,(anonymous_29)
FNF:30
FNH:25
FNDA:2,createMongooseServices
FNDA:0,(anonymous_1)
FNDA:4,(anonymous_2)
FNDA:1,(anonymous_3)
FNDA:1,(anonymous_4)
FNDA:2,(anonymous_5)
FNDA:1,(anonymous_6)
FNDA:1,(anonymous_7)
FNDA:1,(anonymous_8)
FNDA:0,(anonymous_9)
FNDA:6,(anonymous_10)
FNDA:4,(anonymous_11)
FNDA:2,(anonymous_12)
FNDA:0,(anonymous_13)
FNDA:1,(anonymous_14)
FNDA:1,(anonymous_15)
FNDA:1,(anonymous_16)
FNDA:4,(anonymous_17)
FNDA:1,(anonymous_18)
FNDA:1,(anonymous_19)
FNDA:1,(anonymous_20)
FNDA:1,(anonymous_21)
FNDA:1,(anonymous_22)
FNDA:1,(anonymous_23)
FNDA:1,(anonymous_24)
FNDA:1,(anonymous_25)
FNDA:1,(anonymous_26)
FNDA:1,(anonymous_27)
FNDA:0,(anonymous_28)
FNDA:0,(anonymous_29)
DA:3,2
DA:5,2
DA:14,2
DA:21,2
DA:30,2
DA:36,2
DA:37,2
DA:38,2
DA:39,2
DA:41,2
DA:45,0
DA:47,4
DA:49,1
DA:52,1
DA:53,1
DA:54,1
DA:55,1
DA:59,2
DA:60,2
DA:64,1
DA:65,1
DA:66,0
DA:68,1
DA:69,1
DA:70,0
DA:72,1
DA:76,1
DA:77,1
DA:78,1
DA:79,1
DA:80,1
DA:81,1
DA:86,0
DA:87,0
DA:92,6
DA:93,6
DA:94,5
DA:98,4
DA:99,4
DA:100,4
DA:101,4
DA:102,4
DA:103,4
DA:104,4
DA:108,2
DA:109,2
DA:110,2
DA:111,2
DA:112,2
DA:113,2
DA:117,0
DA:120,1
DA:121,1
DA:122,1
DA:123,1
DA:124,1
DA:125,1
DA:129,1
DA:130,1
DA:131,1
DA:132,1
DA:133,1
DA:134,1
DA:139,1
DA:140,1
DA:141,4
DA:143,1
DA:147,1
DA:151,1
DA:152,1
DA:153,1
DA:154,1
DA:155,1
DA:159,1
DA:161,1
DA:163,1
DA:164,1
DA:169,1
DA:171,1
DA:173,1
DA:174,1
DA:179,1
DA:180,1
DA:181,1
DA:182,1
DA:183,1
DA:184,1
DA:185,1
DA:186,1
DA:190,0
DA:191,0
DA:192,0
DA:193,0
DA:194,0
DA:198,0
DA:199,0
DA:200,0
DA:201,0
DA:202,0
LF:99
LH:83
BRDA:60,0,0,1
BRDA:60,0,1,1
BRDA:65,1,0,0
BRDA:65,1,1,1
BRDA:69,2,0,0
BRDA:69,2,1,1
BRDA:79,3,0,0
BRDA:79,3,1,1
BRDA:79,4,0,1
BRDA:79,4,1,1
BRDA:183,5,0,0
BRDA:183,5,1,1
BRF:12
BRH:8
end_of_record
TN:
SF:auth/auth-middleware.js
FN:4,authenticatedRoute
FNF:1
FNH:0
FNDA:0,authenticatedRoute
DA:5,0
DA:6,0
DA:7,0
DA:8,0
DA:10,0
DA:13,0
DA:16,0
DA:18,0
DA:19,0
DA:20,0
DA:23,0
DA:24,0
DA:25,0
DA:26,0
DA:27,0
DA:28,0
DA:29,0
DA:33,0
DA:41,0
DA:42,0
DA:45,0
DA:50,0
LF:22
LH:0
BRDA:5,0,0,0
BRDA:5,0,1,0
BRDA:6,1,0,0
BRDA:6,1,1,0
BRDA:16,2,0,0
BRDA:16,2,1,0
BRDA:24,3,0,0
BRDA:24,3,1,0
BRDA:27,4,0,0
BRDA:27,4,1,0
BRF:10
BRH:0
end_of_record
TN:
SF:auth/auth-services.js
FN:17,signup
FN:18,(anonymous_1)
FN:29,(anonymous_2)
FN:33,(anonymous_3)
FN:54,login
FN:58,(anonymous_5)
FN:64,(anonymous_6)
FN:71,(anonymous_7)
FN:86,(anonymous_8)
FN:106,validateCredentials
FN:142,createCredentials
FN:166,refreshCredentials
FN:204,generateJWT
FN:222,verifyJWT
FNF:14
FNH:0
FNDA:0,signup
FNDA:0,(anonymous_1)
FNDA:0,(anonymous_2)
FNDA:0,(anonymous_3)
FNDA:0,login
FNDA:0,(anonymous_5)
FNDA:0,(anonymous_6)
FNDA:0,(anonymous_7)
FNDA:0,(anonymous_8)
FNDA:0,validateCredentials
FNDA:0,createCredentials
FNDA:0,refreshCredentials
FNDA:0,generateJWT
FNDA:0,verifyJWT
DA:18,0
DA:19,0
DA:20,0
DA:22,0
DA:23,0
DA:25,0
DA:30,0
DA:31,0
DA:34,0
DA:35,0
DA:39,0
DA:58,0
DA:59,0
DA:60,0
DA:63,0
DA:65,0
DA:66,0
DA:68,0
DA:71,0
DA:73,0
DA:74,0
DA:77,0
DA:78,0
DA:80,0
DA:83,0
DA:86,0
DA:108,0
DA:109,0
DA:112,0
DA:113,0
DA:116,0
DA:117,0
DA:118,0
DA:119,0
DA:122,0
DA:123,0
DA:124,0
DA:127,0
DA:143,0
DA:148,0
DA:152,0
DA:168,0
DA:169,0
DA:172,0
DA:173,0
DA:174,0
DA:177,0
DA:178,0
DA:179,0
DA:182,0
DA:183,0
DA:184,0
DA:187,0
DA:189,0
DA:205,0
DA:206,0
DA:208,0
DA:223,0
DA:224,0
DA:225,0
DA:229,0
DA:234,0
DA:237,0
LF:63
LH:0
BRDA:19,0,0,0
BRDA:19,0,1,0
BRDA:19,1,0,0
BRDA:19,1,1,0
BRDA:19,1,2,0
BRDA:59,2,0,0
BRDA:59,2,1,0
BRDA:59,3,0,0
BRDA:59,3,1,0
BRDA:65,4,0,0
BRDA:65,4,1,0
BRDA:73,5,0,0
BRDA:73,5,1,0
BRDA:77,6,0,0
BRDA:77,6,1,0
BRDA:108,7,0,0
BRDA:108,7,1,0
BRDA:112,8,0,0
BRDA:112,8,1,0
BRDA:118,9,0,0
BRDA:118,9,1,0
BRDA:123,10,0,0
BRDA:123,10,1,0
BRDA:168,11,0,0
BRDA:168,11,1,0
BRDA:168,12,0,0
BRDA:168,12,1,0
BRDA:168,12,2,0
BRDA:173,13,0,0
BRDA:173,13,1,0
BRDA:178,14,0,0
BRDA:178,14,1,0
BRDA:183,15,0,0
BRDA:183,15,1,0
BRDA:204,16,0,0
BRF:35
BRH:0
end_of_record
