TN:
SF:mongoose-services.js
FN:39,createMongooseServices
FN:52,(anonymous_1)
FN:54,(anonymous_2)
FN:56,(anonymous_3)
FN:58,(anonymous_4)
FN:65,(anonymous_5)
FN:67,(anonymous_6)
FN:70,(anonymous_7)
FN:72,(anonymous_8)
FN:73,(anonymous_9)
FN:77,(anonymous_10)
FN:84,(anonymous_11)
FN:90,(anonymous_12)
FN:96,(anonymous_13)
FN:106,(anonymous_14)
FN:115,(anonymous_15)
FN:122,(anonymous_16)
FN:124,(anonymous_17)
FN:133,(anonymous_18)
FN:142,(anonymous_19)
FN:147,(anonymous_20)
FN:150,(anonymous_21)
FN:155,(anonymous_22)
FN:159,(anonymous_23)
FN:167,(anonymous_24)
FN:173,(anonymous_25)
FN:180,(anonymous_26)
FN:182,(anonymous_27)
FN:190,(anonymous_28)
FN:192,(anonymous_29)
FN:200,(anonymous_30)
FN:203,(anonymous_31)
FN:211,(anonymous_32)
FN:217,(anonymous_33)
FN:225,(anonymous_34)
FNF:35
FNH:12
FNDA:1,createMongooseServices
FNDA:0,(anonymous_1)
FNDA:1,(anonymous_2)
FNDA:1,(anonymous_3)
FNDA:0,(anonymous_4)
FNDA:0,(anonymous_5)
FNDA:0,(anonymous_6)
FNDA:1,(anonymous_7)
FNDA:1,(anonymous_8)
FNDA:1,(anonymous_9)
FNDA:0,(anonymous_10)
FNDA:0,(anonymous_11)
FNDA:0,(anonymous_12)
FNDA:2,(anonymous_13)
FNDA:2,(anonymous_14)
FNDA:0,(anonymous_15)
FNDA:0,(anonymous_16)
FNDA:0,(anonymous_17)
FNDA:0,(anonymous_18)
FNDA:0,(anonymous_19)
FNDA:1,(anonymous_20)
FNDA:4,(anonymous_21)
FNDA:1,(anonymous_22)
FNDA:1,(anonymous_23)
FNDA:0,(anonymous_24)
FNDA:0,(anonymous_25)
FNDA:0,(anonymous_26)
FNDA:0,(anonymous_27)
FNDA:0,(anonymous_28)
FNDA:0,(anonymous_29)
FNDA:0,(anonymous_30)
FNDA:0,(anonymous_31)
FNDA:0,(anonymous_32)
FNDA:0,(anonymous_33)
FNDA:0,(anonymous_34)
DA:3,1
DA:5,1
DA:10,1
DA:18,1
DA:25,1
DA:34,1
DA:40,1
DA:41,1
DA:42,1
DA:43,1
DA:44,1
DA:46,1
DA:52,0
DA:54,1
DA:56,1
DA:59,0
DA:60,0
DA:61,0
DA:62,0
DA:66,0
DA:67,0
DA:71,1
DA:73,1
DA:78,0
DA:79,0
DA:80,0
DA:81,0
DA:85,0
DA:86,0
DA:91,0
DA:92,0
DA:93,0
DA:97,2
DA:98,2
DA:99,2
DA:100,2
DA:101,2
DA:102,2
DA:103,2
DA:107,2
DA:108,2
DA:109,2
DA:110,2
DA:111,2
DA:112,2
DA:116,0
DA:117,0
DA:118,0
DA:122,0
DA:125,0
DA:126,0
DA:127,0
DA:128,0
DA:129,0
DA:130,0
DA:134,0
DA:135,0
DA:136,0
DA:137,0
DA:138,0
DA:139,0
DA:143,0
DA:148,1
DA:149,1
DA:150,4
DA:152,1
DA:156,1
DA:160,1
DA:161,1
DA:162,1
DA:163,1
DA:164,1
DA:168,0
DA:169,0
DA:170,0
DA:174,0
DA:175,0
DA:176,0
DA:181,0
DA:182,0
DA:183,0
DA:184,0
DA:185,0
DA:186,0
DA:191,0
DA:192,0
DA:193,0
DA:194,0
DA:195,0
DA:196,0
DA:201,0
DA:202,0
DA:203,0
DA:204,0
DA:205,0
DA:206,0
DA:207,0
DA:212,0
DA:218,0
DA:219,0
DA:220,0
DA:221,0
DA:222,0
DA:226,0
DA:227,0
DA:228,0
DA:229,0
DA:230,0
LF:108
LH:39
BRF:0
BRH:0
end_of_record
